<?xml version="1.0" encoding="UTF-8"?>
<!-- Generated by org.testng.reporters.JUnitXMLReporter -->
<testsuite ignored="0" hostname="BT1704430" failures="1" tests="1" name="Default test" time="10.071" errors="0" timestamp="2025-09-10T02:20:18 IST">
  <testcase classname="io.cucumber.testng.AbstractTestNGCucumberTests" name="runScenario" time="9.036">
    <failure type="io.cucumber.java.PendingException" message="TODO: implement me">
      <![CDATA[io.cucumber.java.PendingException: TODO: implement me
at StepDefination.StepDef.click_on_add_new_button(StepDef.java:105)
at ✽.click on Add new button(file:///C:/Users/KIIT/eclipse-workspace-Practice/AutomationProject/CucumberFramework/./Features/Customer.feature:12)
]]>
    </failure>
  </testcase> <!-- runScenario -->
</testsuite> <!-- Default test -->
