<?xml version="1.0" encoding="UTF-8"?>
<!-- Generated by org.testng.reporters.JUnitReportReporter -->
<testsuite hostname="BT1704430" failures="0" tests="1" name="TestRunner.Run" time="9.036" errors="1" timestamp="2025-09-10T02:20:18 IST" skipped="0">
  <testcase classname="TestRunner.Run" name="runScenario" time="9.036">
    <error message="TODO: implement me" type="io.cucumber.java.PendingException">
      <![CDATA[io.cucumber.java.PendingException: TODO: implement me
at StepDefination.StepDef.click_on_add_new_button(StepDef.java:105)
at ✽.click on Add new button(file:///C:/Users/KIIT/eclipse-workspace-Practice/AutomationProject/CucumberFramework/./Features/Customer.feature:12)
]]>
    </error>
  </testcase> <!-- runScenario -->
</testsuite> <!-- TestRunner.Run -->
